{"/Users/andreaardenti/Desktop/Esercitazioni/versioning/SteveJobs-versioning-1/models/userSchema.js":{"path":"/Users/andreaardenti/Desktop/Esercitazioni/versioning/SteveJobs-versioning-1/models/userSchema.js","s":{"1":1,"2":1,"3":1,"4":1},"b":{},"f":{},"fnMap":{},"statementMap":{"1":{"start":{"line":1,"column":0},"end":{"line":1,"column":37}},"2":{"start":{"line":3,"column":0},"end":{"line":11,"column":3}},"3":{"start":{"line":13,"column":0},"end":{"line":13,"column":48}},"4":{"start":{"line":15,"column":0},"end":{"line":15,"column":22}}},"branchMap":{}},"/Users/andreaardenti/Desktop/Esercitazioni/versioning/SteveJobs-versioning-1/app.js":{"path":"/Users/andreaardenti/Desktop/Esercitazioni/versioning/SteveJobs-versioning-1/app.js","s":{"1":1,"2":1,"3":1,"4":1,"5":1,"6":1,"7":1,"8":1,"9":1,"10":1,"11":1,"12":1,"13":1,"14":0,"15":1,"16":1,"17":1,"18":1,"19":2,"20":2,"21":2,"22":1,"23":2,"24":1,"25":1},"b":{"1":[2,0]},"f":{"1":0,"2":1,"3":2,"4":2},"fnMap":{"1":{"name":"(anonymous_1)","line":17,"loc":{"start":{"line":17,"column":15},"end":{"line":17,"column":26}}},"2":{"name":"(anonymous_2)","line":20,"loc":{"start":{"line":20,"column":16},"end":{"line":20,"column":27}}},"3":{"name":"(anonymous_3)","line":27,"loc":{"start":{"line":27,"column":8},"end":{"line":27,"column":33}}},"4":{"name":"(anonymous_4)","line":33,"loc":{"start":{"line":33,"column":8},"end":{"line":33,"column":38}}}},"statementMap":{"1":{"start":{"line":1,"column":0},"end":{"line":1,"column":35}},"2":{"start":{"line":2,"column":0},"end":{"line":2,"column":42}},"3":{"start":{"line":3,"column":0},"end":{"line":3,"column":22}},"4":{"start":{"line":4,"column":0},"end":{"line":4,"column":27}},"5":{"start":{"line":5,"column":0},"end":{"line":5,"column":49}},"6":{"start":{"line":7,"column":0},"end":{"line":7,"column":42}},"7":{"start":{"line":8,"column":0},"end":{"line":8,"column":25}},"8":{"start":{"line":11,"column":0},"end":{"line":11,"column":25}},"9":{"start":{"line":12,"column":0},"end":{"line":12,"column":40}},"10":{"start":{"line":13,"column":0},"end":{"line":13,"column":37}},"11":{"start":{"line":14,"column":0},"end":{"line":14,"column":78}},"12":{"start":{"line":16,"column":0},"end":{"line":16,"column":31}},"13":{"start":{"line":17,"column":0},"end":{"line":19,"column":3}},"14":{"start":{"line":18,"column":4},"end":{"line":18,"column":39}},"15":{"start":{"line":20,"column":0},"end":{"line":22,"column":3}},"16":{"start":{"line":21,"column":4},"end":{"line":21,"column":39}},"17":{"start":{"line":25,"column":0},"end":{"line":25,"column":44}},"18":{"start":{"line":27,"column":0},"end":{"line":31,"column":3}},"19":{"start":{"line":28,"column":4},"end":{"line":28,"column":39}},"20":{"start":{"line":29,"column":4},"end":{"line":29,"column":21}},"21":{"start":{"line":30,"column":4},"end":{"line":30,"column":14}},"22":{"start":{"line":33,"column":0},"end":{"line":36,"column":3}},"23":{"start":{"line":34,"column":4},"end":{"line":35,"column":50}},"24":{"start":{"line":39,"column":0},"end":{"line":39,"column":17}},"25":{"start":{"line":40,"column":0},"end":{"line":40,"column":21}}},"branchMap":{"1":{"line":34,"type":"binary-expr","locations":[{"start":{"line":34,"column":15},"end":{"line":34,"column":25}},{"start":{"line":34,"column":29},"end":{"line":34,"column":32}}]}}},"/Users/andreaardenti/Desktop/Esercitazioni/versioning/SteveJobs-versioning-1/routes/userApi.js":{"path":"/Users/andreaardenti/Desktop/Esercitazioni/versioning/SteveJobs-versioning-1/routes/userApi.js","s":{"1":1,"2":1,"3":1,"4":1,"5":0,"6":0,"7":0,"8":0,"9":1,"10":0,"11":0,"12":0,"13":0,"14":0,"15":1,"16":0,"17":0,"18":0,"19":0,"20":0,"21":0,"22":0,"23":0,"24":0,"25":1,"26":0,"27":0,"28":0,"29":0,"30":0,"31":0,"32":0,"33":0,"34":0,"35":0,"36":0,"37":0,"38":1},"b":{"1":[0,0],"2":[0,0],"3":[0,0],"4":[0,0],"5":[0,0],"6":[0,0],"7":[0,0],"8":[0,0],"9":[0,0]},"f":{"1":0,"2":0,"3":0,"4":0,"5":0,"6":0,"7":0,"8":0,"9":0,"10":0},"fnMap":{"1":{"name":"(anonymous_1)","line":5,"loc":{"start":{"line":5,"column":16},"end":{"line":5,"column":35}}},"2":{"name":"(anonymous_2)","line":6,"loc":{"start":{"line":6,"column":14},"end":{"line":6,"column":35}}},"3":{"name":"(anonymous_3)","line":12,"loc":{"start":{"line":12,"column":17},"end":{"line":12,"column":36}}},"4":{"name":"(anonymous_4)","line":14,"loc":{"start":{"line":14,"column":17},"end":{"line":14,"column":40}}},"5":{"name":"(anonymous_5)","line":20,"loc":{"start":{"line":20,"column":22},"end":{"line":20,"column":41}}},"6":{"name":"(anonymous_6)","line":22,"loc":{"start":{"line":22,"column":14},"end":{"line":22,"column":34}}},"7":{"name":"(anonymous_7)","line":25,"loc":{"start":{"line":25,"column":46},"end":{"line":25,"column":60}}},"8":{"name":"(anonymous_8)","line":32,"loc":{"start":{"line":32,"column":19},"end":{"line":32,"column":38}}},"9":{"name":"(anonymous_9)","line":34,"loc":{"start":{"line":34,"column":14},"end":{"line":34,"column":34}}},"10":{"name":"(anonymous_10)","line":44,"loc":{"start":{"line":44,"column":22},"end":{"line":44,"column":36}}}},"statementMap":{"1":{"start":{"line":1,"column":0},"end":{"line":1,"column":35}},"2":{"start":{"line":2,"column":0},"end":{"line":2,"column":32}},"3":{"start":{"line":3,"column":0},"end":{"line":3,"column":45}},"4":{"start":{"line":5,"column":0},"end":{"line":10,"column":3}},"5":{"start":{"line":6,"column":4},"end":{"line":9,"column":7}},"6":{"start":{"line":7,"column":8},"end":{"line":7,"column":59}},"7":{"start":{"line":7,"column":17},"end":{"line":7,"column":59}},"8":{"start":{"line":8,"column":8},"end":{"line":8,"column":24}},"9":{"start":{"line":12,"column":0},"end":{"line":18,"column":3}},"10":{"start":{"line":13,"column":4},"end":{"line":13,"column":39}},"11":{"start":{"line":14,"column":4},"end":{"line":17,"column":7}},"12":{"start":{"line":15,"column":8},"end":{"line":15,"column":52}},"13":{"start":{"line":15,"column":17},"end":{"line":15,"column":52}},"14":{"start":{"line":16,"column":8},"end":{"line":16,"column":38}},"15":{"start":{"line":20,"column":0},"end":{"line":30,"column":3}},"16":{"start":{"line":21,"column":4},"end":{"line":29,"column":11}},"17":{"start":{"line":23,"column":12},"end":{"line":23,"column":63}},"18":{"start":{"line":23,"column":21},"end":{"line":23,"column":63}},"19":{"start":{"line":24,"column":12},"end":{"line":24,"column":84}},"20":{"start":{"line":24,"column":23},"end":{"line":24,"column":84}},"21":{"start":{"line":25,"column":12},"end":{"line":28,"column":15}},"22":{"start":{"line":26,"column":16},"end":{"line":26,"column":67}},"23":{"start":{"line":26,"column":25},"end":{"line":26,"column":67}},"24":{"start":{"line":27,"column":16},"end":{"line":27,"column":70}},"25":{"start":{"line":32,"column":0},"end":{"line":49,"column":3}},"26":{"start":{"line":33,"column":4},"end":{"line":48,"column":11}},"27":{"start":{"line":35,"column":12},"end":{"line":35,"column":63}},"28":{"start":{"line":35,"column":21},"end":{"line":35,"column":63}},"29":{"start":{"line":36,"column":12},"end":{"line":38,"column":13}},"30":{"start":{"line":37,"column":16},"end":{"line":37,"column":77}},"31":{"start":{"line":39,"column":12},"end":{"line":43,"column":13}},"32":{"start":{"line":40,"column":16},"end":{"line":42,"column":17}},"33":{"start":{"line":41,"column":20},"end":{"line":41,"column":46}},"34":{"start":{"line":44,"column":12},"end":{"line":47,"column":15}},"35":{"start":{"line":45,"column":16},"end":{"line":45,"column":67}},"36":{"start":{"line":45,"column":25},"end":{"line":45,"column":67}},"37":{"start":{"line":46,"column":16},"end":{"line":46,"column":31}},"38":{"start":{"line":51,"column":0},"end":{"line":51,"column":24}}},"branchMap":{"1":{"line":7,"type":"if","locations":[{"start":{"line":7,"column":8},"end":{"line":7,"column":8}},{"start":{"line":7,"column":8},"end":{"line":7,"column":8}}]},"2":{"line":15,"type":"if","locations":[{"start":{"line":15,"column":8},"end":{"line":15,"column":8}},{"start":{"line":15,"column":8},"end":{"line":15,"column":8}}]},"3":{"line":23,"type":"if","locations":[{"start":{"line":23,"column":12},"end":{"line":23,"column":12}},{"start":{"line":23,"column":12},"end":{"line":23,"column":12}}]},"4":{"line":24,"type":"if","locations":[{"start":{"line":24,"column":12},"end":{"line":24,"column":12}},{"start":{"line":24,"column":12},"end":{"line":24,"column":12}}]},"5":{"line":26,"type":"if","locations":[{"start":{"line":26,"column":16},"end":{"line":26,"column":16}},{"start":{"line":26,"column":16},"end":{"line":26,"column":16}}]},"6":{"line":35,"type":"if","locations":[{"start":{"line":35,"column":12},"end":{"line":35,"column":12}},{"start":{"line":35,"column":12},"end":{"line":35,"column":12}}]},"7":{"line":36,"type":"if","locations":[{"start":{"line":36,"column":12},"end":{"line":36,"column":12}},{"start":{"line":36,"column":12},"end":{"line":36,"column":12}}]},"8":{"line":40,"type":"if","locations":[{"start":{"line":40,"column":16},"end":{"line":40,"column":16}},{"start":{"line":40,"column":16},"end":{"line":40,"column":16}}]},"9":{"line":45,"type":"if","locations":[{"start":{"line":45,"column":16},"end":{"line":45,"column":16}},{"start":{"line":45,"column":16},"end":{"line":45,"column":16}}]}}}}